C:\OPENGL\CHANGEDISPLAYSETTING_FULLSCREEN\DEBUG\CHANGEDISPLAYSETTING_FULLSCREEN.OBJ
C:\OPENGL\CHANGEDISPLAYSETTING_FULLSCREEN\DEBUG\VC110.PDB
C:\OPENGL\CHANGEDISPLAYSETTING_FULLSCREEN\DEBUG\CHANGEDISPLAYSETTING_FULLSCREEN.ILK
C:\OPENGL\CHANGEDISPLAYSETTING_FULLSCREEN\DEBUG\CHANGEDISPLAYSETTING_FULLSCREEN.EXE
C:\OPENGL\CHANGEDISPLAYSETTING_FULLSCREEN\DEBUG\CHANGEDISPLAYSETTING_FULLSCREEN.PDB
C:\OpenGL\ChangeDisplaySetting_FullScreen\Debug\ChangeDisplaySetting_FullScreen.obj
C:\OpenGL\ChangeDisplaySetting_FullScreen\Debug\ChangeDisplaySetting_FullScreen.ilk
C:\OpenGL\ChangeDisplaySetting_FullScreen\Debug\cl.command.1.tlog
C:\OpenGL\ChangeDisplaySetting_FullScreen\Debug\CL.read.1.tlog
C:\OpenGL\ChangeDisplaySetting_FullScreen\Debug\CL.write.1.tlog
C:\OpenGL\ChangeDisplaySetting_FullScreen\Debug\link-cvtres.read.1.tlog
C:\OpenGL\ChangeDisplaySetting_FullScreen\Debug\link-cvtres.write.1.tlog
C:\OpenGL\ChangeDisplaySetting_FullScreen\Debug\link-rc.read.1.tlog
C:\OpenGL\ChangeDisplaySetting_FullScreen\Debug\link-rc.write.1.tlog
C:\OpenGL\ChangeDisplaySetting_FullScreen\Debug\link.command.1.tlog
C:\OpenGL\ChangeDisplaySetting_FullScreen\Debug\link.read.1.tlog
C:\OpenGL\ChangeDisplaySetting_FullScreen\Debug\link.write.1.tlog
C:\OpenGL\ChangeDisplaySetting_FullScreen\Debug\vc110.idb
C:\OpenGL\ChangeDisplaySetting_FullScreen\Debug\ChangeDisplaySetting_FullScreen.pdb
C:\OpenGL\ChangeDisplaySetting_FullScreen\Debug\vc110.pdb
C:\OpenGL\ChangeDisplaySetting_FullScreen\Debug\ChangeDisplaySetting_FullScreen.exe
